TN:
SF:LinkedList.js
FN:2,(anonymous_0)
FN:7,(anonymous_1)
FN:13,(anonymous_2)
FN:23,(anonymous_3)
FN:35,(anonymous_4)
FN:41,(anonymous_5)
FNF:6
FNH:5
FNDA:5,(anonymous_0)
FNDA:12,(anonymous_1)
FNDA:4,(anonymous_2)
FNDA:0,(anonymous_3)
FNDA:12,(anonymous_4)
FNDA:4,(anonymous_5)
DA:3,5
DA:4,5
DA:8,12
DA:9,12
DA:10,12
DA:14,4
DA:16,2
DA:17,2
DA:18,2
DA:20,2
DA:24,0
DA:25,0
DA:26,0
DA:27,0
DA:28,0
DA:30,0
DA:36,12
DA:37,12
DA:41,1
DA:42,4
DA:43,4
DA:44,10
DA:46,4
DA:49,1
LF:24
LH:18
BRDA:14,0,0,2
BRDA:14,0,1,2
BRDA:14,1,0,4
BRDA:14,1,1,3
BRF:4
BRH:4
end_of_record
